/*
 *  CMSIS Pack Debug Access Sequence Log
 *  File        : C:\Users\ische\Desktop\送药小车\Src_template\Project\STM32F4_Sequences_0003.log
 *  Created     : 10:01:04 (13/07/2023)
 *  Device      : STM32F407ZG
 *  PDSC File   : C:\Users\ische\AppData\Local\Arm\Packs\Keil\STM32F4xx_DFP\2.17.0\Keil.STM32F4xx_DFP.pdsc
 *  Config File : C:\Users\ische\Desktop\送药小车\Src_template\Project\DebugConfig\STM32F4_STM32F407ZG.dbgconf
 *
 */

[10:01:04.196]  **********  Sequence "DebugDeviceUnlock"  (Context="Connect", Pname="", info="")
[10:01:04.196]  
[10:01:04.196]  <debugvars>
[10:01:04.198]    // Pre-defined
[10:01:04.198]    __protocol=0x00010002      (Protocol="SWD", SWJ-DP="True")
[10:01:04.198]    __connection=0x00000202    (Connection Type="Flash", Reset Type="System Reset")
[10:01:04.198]    __dp=0x00000000
[10:01:04.198]    __ap=0x00000000
[10:01:04.198]    __traceout=0x00000000      (Trace Disabled)
[10:01:04.199]    __errorcontrol=0x00000000  (Skip Errors="False")
[10:01:04.199]    __FlashAddr=0x00000000
[10:01:04.199]    __FlashLen=0x00000000
[10:01:04.199]    __FlashArg=0x00000000
[10:01:04.199]    __FlashOp=0x00000000
[10:01:04.199]    __Result=0x00000000
[10:01:04.199]    
[10:01:04.199]    // User-defined
[10:01:04.199]    DbgMCU_CR=0x00000007
[10:01:04.199]    DbgMCU_APB1_Fz=0x00000000
[10:01:04.199]    DbgMCU_APB2_Fz=0x00000000
[10:01:04.199]    TraceClk_Pin=0x00040002
[10:01:04.199]    TraceD0_Pin=0x00040003
[10:01:04.200]    TraceD1_Pin=0x00040004
[10:01:04.200]    TraceD2_Pin=0x00040005
[10:01:04.200]    TraceD3_Pin=0x00040006
[10:01:04.200]  </debugvars>
[10:01:04.200]  
[10:01:04.200]  <sequence name="DebugDeviceUnlock" Pname="" disable="false" info="">
[10:01:04.200]    <block atomic="false" info="">
[10:01:04.200]      Sequence("CheckID");
[10:01:04.200]        <sequence name="CheckID" Pname="" disable="false" info="">
[10:01:04.200]          <block atomic="false" info="">
[10:01:04.200]            __var pidr1 = 0;
[10:01:04.200]              // -> [pidr1 <= 0x00000000]
[10:01:04.200]            __var pidr2 = 0;
[10:01:04.200]              // -> [pidr2 <= 0x00000000]
[10:01:04.200]            __var jep106id = 0;
[10:01:04.201]              // -> [jep106id <= 0x00000000]
[10:01:04.201]            __var ROMTableBase = 0;
[10:01:04.201]              // -> [ROMTableBase <= 0x00000000]
[10:01:04.201]            __ap = 0;      // AHB-AP
[10:01:04.201]              // -> [__ap <= 0x00000000]
[10:01:04.201]            ROMTableBase = ReadAP(0xF8) & ~0x3;
[10:01:04.205]              // -> [ReadAP(0x000000F8) => 0xE00FF003]   (__dp=0x00000000, __ap=0x00000000)
[10:01:04.205]              // -> [ROMTableBase <= 0xE00FF000]
[10:01:04.205]            pidr1 = Read32(ROMTableBase + 0x0FE4);
[10:01:04.212]              // -> [Read32(0xE00FFFE4) => 0x00000004]   (__dp=0x00000000, __ap=0x00000000)
[10:01:04.212]              // -> [pidr1 <= 0x00000004]
[10:01:04.212]            pidr2 = Read32(ROMTableBase + 0x0FE8);
[10:01:04.219]              // -> [Read32(0xE00FFFE8) => 0x0000000A]   (__dp=0x00000000, __ap=0x00000000)
[10:01:04.220]              // -> [pidr2 <= 0x0000000A]
[10:01:04.220]            jep106id = ((pidr2 & 0x7) << 4 ) | ((pidr1 >> 4) & 0xF);
[10:01:04.220]              // -> [jep106id <= 0x00000020]
[10:01:04.220]          </block>
[10:01:04.220]          <control if="jep106id != 0x20" while="" timeout="0" info="">
[10:01:04.220]            // if-block "jep106id != 0x20"
[10:01:04.220]              // =>  FALSE
[10:01:04.220]            // skip if-block "jep106id != 0x20"
[10:01:04.221]          </control>
[10:01:04.221]        </sequence>
[10:01:04.221]    </block>
[10:01:04.221]  </sequence>
[10:01:04.221]  
[10:01:04.355]  **********  Sequence "DebugCoreStart"  (Context="Target Access", Pname="", info="")
[10:01:04.355]  
[10:01:04.355]  <debugvars>
[10:01:04.355]    // Pre-defined
[10:01:04.355]    __protocol=0x00010002      (Protocol="SWD", SWJ-DP="True")
[10:01:04.356]    __connection=0x00000202    (Connection Type="Flash", Reset Type="System Reset")
[10:01:04.356]    __dp=0x00000000
[10:01:04.356]    __ap=0x00000000
[10:01:04.356]    __traceout=0x00000000      (Trace Disabled)
[10:01:04.356]    __errorcontrol=0x00000000  (Skip Errors="False")
[10:01:04.356]    __FlashAddr=0x00000000
[10:01:04.356]    __FlashLen=0x00000000
[10:01:04.356]    __FlashArg=0x00000000
[10:01:04.356]    __FlashOp=0x00000000
[10:01:04.357]    __Result=0x00000000
[10:01:04.357]    
[10:01:04.357]    // User-defined
[10:01:04.357]    DbgMCU_CR=0x00000007
[10:01:04.357]    DbgMCU_APB1_Fz=0x00000000
[10:01:04.357]    DbgMCU_APB2_Fz=0x00000000
[10:01:04.357]    TraceClk_Pin=0x00040002
[10:01:04.357]    TraceD0_Pin=0x00040003
[10:01:04.357]    TraceD1_Pin=0x00040004
[10:01:04.357]    TraceD2_Pin=0x00040005
[10:01:04.357]    TraceD3_Pin=0x00040006
[10:01:04.357]  </debugvars>
[10:01:04.357]  
[10:01:04.357]  <sequence name="DebugCoreStart" Pname="" disable="false" info="">
[10:01:04.358]    <block atomic="false" info="">
[10:01:04.358]      Write32(0xE000EDF0, 0xA05F0001);                                        // Enable Core Debug via DHCSR
[10:01:04.364]        // -> [Write32(0xE000EDF0, 0xA05F0001)]   (__dp=0x00000000, __ap=0x00000000)
[10:01:04.364]      Write32(0xE0042004, DbgMCU_CR);                                         // DBGMCU_CR: Configure MCU Debug
[10:01:04.370]        // -> [Write32(0xE0042004, 0x00000007)]   (__dp=0x00000000, __ap=0x00000000)
[10:01:04.370]      Write32(0xE0042008, DbgMCU_APB1_Fz);                                    // DBGMCU_APB1_FZ: Configure APB1 Peripheral Freeze Behavior
[10:01:04.377]        // -> [Write32(0xE0042008, 0x00000000)]   (__dp=0x00000000, __ap=0x00000000)
[10:01:04.377]      Write32(0xE004200C, DbgMCU_APB2_Fz);                                    // DBGMCU_APB1_FZ: Configure APB2 Peripheral Freeze Behavior
[10:01:04.384]        // -> [Write32(0xE004200C, 0x00000000)]   (__dp=0x00000000, __ap=0x00000000)
[10:01:04.384]    </block>
[10:01:04.385]  </sequence>
[10:01:04.385]  
[10:01:12.581]  **********  Sequence "DebugDeviceUnlock"  (Context="Connect", Pname="", info="")
[10:01:12.581]  
[10:01:12.581]  <debugvars>
[10:01:12.581]    // Pre-defined
[10:01:12.582]    __protocol=0x00010002      (Protocol="SWD", SWJ-DP="True")
[10:01:12.582]    __connection=0x00000202    (Connection Type="Flash", Reset Type="System Reset")
[10:01:12.582]    __dp=0x00000000
[10:01:12.582]    __ap=0x00000000
[10:01:12.582]    __traceout=0x00000000      (Trace Disabled)
[10:01:12.582]    __errorcontrol=0x00000000  (Skip Errors="False")
[10:01:12.582]    __FlashAddr=0x00000000
[10:01:12.582]    __FlashLen=0x00000000
[10:01:12.582]    __FlashArg=0x00000000
[10:01:12.583]    __FlashOp=0x00000000
[10:01:12.583]    __Result=0x00000000
[10:01:12.583]    
[10:01:12.583]    // User-defined
[10:01:12.583]    DbgMCU_CR=0x00000007
[10:01:12.583]    DbgMCU_APB1_Fz=0x00000000
[10:01:12.583]    DbgMCU_APB2_Fz=0x00000000
[10:01:12.583]    TraceClk_Pin=0x00040002
[10:01:12.583]    TraceD0_Pin=0x00040003
[10:01:12.583]    TraceD1_Pin=0x00040004
[10:01:12.583]    TraceD2_Pin=0x00040005
[10:01:12.583]    TraceD3_Pin=0x00040006
[10:01:12.583]  </debugvars>
[10:01:12.583]  
[10:01:12.583]  <sequence name="DebugDeviceUnlock" Pname="" disable="false" info="">
[10:01:12.584]    <block atomic="false" info="">
[10:01:12.584]      Sequence("CheckID");
[10:01:12.584]        <sequence name="CheckID" Pname="" disable="false" info="">
[10:01:12.584]          <block atomic="false" info="">
[10:01:12.584]            __var pidr1 = 0;
[10:01:12.584]              // -> [pidr1 <= 0x00000000]
[10:01:12.584]            __var pidr2 = 0;
[10:01:12.584]              // -> [pidr2 <= 0x00000000]
[10:01:12.584]            __var jep106id = 0;
[10:01:12.584]              // -> [jep106id <= 0x00000000]
[10:01:12.584]            __var ROMTableBase = 0;
[10:01:12.584]              // -> [ROMTableBase <= 0x00000000]
[10:01:12.584]            __ap = 0;      // AHB-AP
[10:01:12.584]              // -> [__ap <= 0x00000000]
[10:01:12.584]            ROMTableBase = ReadAP(0xF8) & ~0x3;
[10:01:12.589]              // -> [ReadAP(0x000000F8) => 0xE00FF003]   (__dp=0x00000000, __ap=0x00000000)
[10:01:12.589]              // -> [ROMTableBase <= 0xE00FF000]
[10:01:12.589]            pidr1 = Read32(ROMTableBase + 0x0FE4);
[10:01:12.596]              // -> [Read32(0xE00FFFE4) => 0x00000004]   (__dp=0x00000000, __ap=0x00000000)
[10:01:12.597]              // -> [pidr1 <= 0x00000004]
[10:01:12.597]            pidr2 = Read32(ROMTableBase + 0x0FE8);
[10:01:12.604]              // -> [Read32(0xE00FFFE8) => 0x0000000A]   (__dp=0x00000000, __ap=0x00000000)
[10:01:12.604]              // -> [pidr2 <= 0x0000000A]
[10:01:12.604]            jep106id = ((pidr2 & 0x7) << 4 ) | ((pidr1 >> 4) & 0xF);
[10:01:12.604]              // -> [jep106id <= 0x00000020]
[10:01:12.604]          </block>
[10:01:12.604]          <control if="jep106id != 0x20" while="" timeout="0" info="">
[10:01:12.604]            // if-block "jep106id != 0x20"
[10:01:12.604]              // =>  FALSE
[10:01:12.605]            // skip if-block "jep106id != 0x20"
[10:01:12.605]          </control>
[10:01:12.605]        </sequence>
[10:01:12.605]    </block>
[10:01:12.605]  </sequence>
[10:01:12.605]  
[10:01:12.740]  **********  Sequence "DebugCoreStart"  (Context="Target Access", Pname="", info="")
[10:01:12.740]  
[10:01:12.740]  <debugvars>
[10:01:12.740]    // Pre-defined
[10:01:12.740]    __protocol=0x00010002      (Protocol="SWD", SWJ-DP="True")
[10:01:12.740]    __connection=0x00000202    (Connection Type="Flash", Reset Type="System Reset")
[10:01:12.740]    __dp=0x00000000
[10:01:12.740]    __ap=0x00000000
[10:01:12.740]    __traceout=0x00000000      (Trace Disabled)
[10:01:12.740]    __errorcontrol=0x00000000  (Skip Errors="False")
[10:01:12.740]    __FlashAddr=0x00000000
[10:01:12.740]    __FlashLen=0x00000000
[10:01:12.740]    __FlashArg=0x00000000
[10:01:12.740]    __FlashOp=0x00000000
[10:01:12.740]    __Result=0x00000000
[10:01:12.740]    
[10:01:12.740]    // User-defined
[10:01:12.740]    DbgMCU_CR=0x00000007
[10:01:12.740]    DbgMCU_APB1_Fz=0x00000000
[10:01:12.740]    DbgMCU_APB2_Fz=0x00000000
[10:01:12.740]    TraceClk_Pin=0x00040002
[10:01:12.740]    TraceD0_Pin=0x00040003
[10:01:12.740]    TraceD1_Pin=0x00040004
[10:01:12.740]    TraceD2_Pin=0x00040005
[10:01:12.740]    TraceD3_Pin=0x00040006
[10:01:12.740]  </debugvars>
[10:01:12.740]  
[10:01:12.740]  <sequence name="DebugCoreStart" Pname="" disable="false" info="">
[10:01:12.740]    <block atomic="false" info="">
[10:01:12.740]      Write32(0xE000EDF0, 0xA05F0001);                                        // Enable Core Debug via DHCSR
[10:01:12.750]        // -> [Write32(0xE000EDF0, 0xA05F0001)]   (__dp=0x00000000, __ap=0x00000000)
[10:01:12.750]      Write32(0xE0042004, DbgMCU_CR);                                         // DBGMCU_CR: Configure MCU Debug
[10:01:12.756]        // -> [Write32(0xE0042004, 0x00000007)]   (__dp=0x00000000, __ap=0x00000000)
[10:01:12.756]      Write32(0xE0042008, DbgMCU_APB1_Fz);                                    // DBGMCU_APB1_FZ: Configure APB1 Peripheral Freeze Behavior
[10:01:12.760]        // -> [Write32(0xE0042008, 0x00000000)]   (__dp=0x00000000, __ap=0x00000000)
[10:01:12.760]      Write32(0xE004200C, DbgMCU_APB2_Fz);                                    // DBGMCU_APB1_FZ: Configure APB2 Peripheral Freeze Behavior
[10:01:12.770]        // -> [Write32(0xE004200C, 0x00000000)]   (__dp=0x00000000, __ap=0x00000000)
[10:01:12.770]    </block>
[10:01:12.770]  </sequence>
[10:01:12.770]  
[10:01:18.171]  **********  Sequence "DebugDeviceUnlock"  (Context="Connect", Pname="", info="")
[10:01:18.171]  
[10:01:18.171]  <debugvars>
[10:01:18.172]    // Pre-defined
[10:01:18.172]    __protocol=0x00010002      (Protocol="SWD", SWJ-DP="True")
[10:01:18.172]    __connection=0x00000202    (Connection Type="Flash", Reset Type="System Reset")
[10:01:18.172]    __dp=0x00000000
[10:01:18.172]    __ap=0x00000000
[10:01:18.172]    __traceout=0x00000000      (Trace Disabled)
[10:01:18.172]    __errorcontrol=0x00000000  (Skip Errors="False")
[10:01:18.173]    __FlashAddr=0x00000000
[10:01:18.173]    __FlashLen=0x00000000
[10:01:18.173]    __FlashArg=0x00000000
[10:01:18.173]    __FlashOp=0x00000000
[10:01:18.173]    __Result=0x00000000
[10:01:18.173]    
[10:01:18.173]    // User-defined
[10:01:18.173]    DbgMCU_CR=0x00000007
[10:01:18.173]    DbgMCU_APB1_Fz=0x00000000
[10:01:18.174]    DbgMCU_APB2_Fz=0x00000000
[10:01:18.174]    TraceClk_Pin=0x00040002
[10:01:18.174]    TraceD0_Pin=0x00040003
[10:01:18.174]    TraceD1_Pin=0x00040004
[10:01:18.174]    TraceD2_Pin=0x00040005
[10:01:18.174]    TraceD3_Pin=0x00040006
[10:01:18.174]  </debugvars>
[10:01:18.174]  
[10:01:18.174]  <sequence name="DebugDeviceUnlock" Pname="" disable="false" info="">
[10:01:18.175]    <block atomic="false" info="">
[10:01:18.175]      Sequence("CheckID");
[10:01:18.175]        <sequence name="CheckID" Pname="" disable="false" info="">
[10:01:18.175]          <block atomic="false" info="">
[10:01:18.175]            __var pidr1 = 0;
[10:01:18.175]              // -> [pidr1 <= 0x00000000]
[10:01:18.175]            __var pidr2 = 0;
[10:01:18.175]              // -> [pidr2 <= 0x00000000]
[10:01:18.175]            __var jep106id = 0;
[10:01:18.175]              // -> [jep106id <= 0x00000000]
[10:01:18.175]            __var ROMTableBase = 0;
[10:01:18.175]              // -> [ROMTableBase <= 0x00000000]
[10:01:18.175]            __ap = 0;      // AHB-AP
[10:01:18.175]              // -> [__ap <= 0x00000000]
[10:01:18.176]            ROMTableBase = ReadAP(0xF8) & ~0x3;
[10:01:18.180]              // -> [ReadAP(0x000000F8) => 0xE00FF003]   (__dp=0x00000000, __ap=0x00000000)
[10:01:18.180]              // -> [ROMTableBase <= 0xE00FF000]
[10:01:18.180]            pidr1 = Read32(ROMTableBase + 0x0FE4);
[10:01:18.189]              // -> [Read32(0xE00FFFE4) => 0x00000004]   (__dp=0x00000000, __ap=0x00000000)
[10:01:18.189]              // -> [pidr1 <= 0x00000004]
[10:01:18.189]            pidr2 = Read32(ROMTableBase + 0x0FE8);
[10:01:18.195]              // -> [Read32(0xE00FFFE8) => 0x0000000A]   (__dp=0x00000000, __ap=0x00000000)
[10:01:18.196]              // -> [pidr2 <= 0x0000000A]
[10:01:18.196]            jep106id = ((pidr2 & 0x7) << 4 ) | ((pidr1 >> 4) & 0xF);
[10:01:18.196]              // -> [jep106id <= 0x00000020]
[10:01:18.196]          </block>
[10:01:18.196]          <control if="jep106id != 0x20" while="" timeout="0" info="">
[10:01:18.196]            // if-block "jep106id != 0x20"
[10:01:18.197]              // =>  FALSE
[10:01:18.197]            // skip if-block "jep106id != 0x20"
[10:01:18.197]          </control>
[10:01:18.197]        </sequence>
[10:01:18.197]    </block>
[10:01:18.197]  </sequence>
[10:01:18.197]  
[10:01:18.332]  **********  Sequence "DebugCoreStart"  (Context="Target Access", Pname="", info="")
[10:01:18.332]  
[10:01:18.332]  <debugvars>
[10:01:18.332]    // Pre-defined
[10:01:18.332]    __protocol=0x00010002      (Protocol="SWD", SWJ-DP="True")
[10:01:18.332]    __connection=0x00000202    (Connection Type="Flash", Reset Type="System Reset")
[10:01:18.333]    __dp=0x00000000
[10:01:18.333]    __ap=0x00000000
[10:01:18.333]    __traceout=0x00000000      (Trace Disabled)
[10:01:18.333]    __errorcontrol=0x00000000  (Skip Errors="False")
[10:01:18.333]    __FlashAddr=0x00000000
[10:01:18.333]    __FlashLen=0x00000000
[10:01:18.333]    __FlashArg=0x00000000
[10:01:18.333]    __FlashOp=0x00000000
[10:01:18.333]    __Result=0x00000000
[10:01:18.334]    
[10:01:18.334]    // User-defined
[10:01:18.334]    DbgMCU_CR=0x00000007
[10:01:18.334]    DbgMCU_APB1_Fz=0x00000000
[10:01:18.334]    DbgMCU_APB2_Fz=0x00000000
[10:01:18.334]    TraceClk_Pin=0x00040002
[10:01:18.334]    TraceD0_Pin=0x00040003
[10:01:18.334]    TraceD1_Pin=0x00040004
[10:01:18.334]    TraceD2_Pin=0x00040005
[10:01:18.334]    TraceD3_Pin=0x00040006
[10:01:18.335]  </debugvars>
[10:01:18.335]  
[10:01:18.335]  <sequence name="DebugCoreStart" Pname="" disable="false" info="">
[10:01:18.335]    <block atomic="false" info="">
[10:01:18.335]      Write32(0xE000EDF0, 0xA05F0001);                                        // Enable Core Debug via DHCSR
[10:01:18.341]        // -> [Write32(0xE000EDF0, 0xA05F0001)]   (__dp=0x00000000, __ap=0x00000000)
[10:01:18.342]      Write32(0xE0042004, DbgMCU_CR);                                         // DBGMCU_CR: Configure MCU Debug
[10:01:18.347]        // -> [Write32(0xE0042004, 0x00000007)]   (__dp=0x00000000, __ap=0x00000000)
[10:01:18.348]      Write32(0xE0042008, DbgMCU_APB1_Fz);                                    // DBGMCU_APB1_FZ: Configure APB1 Peripheral Freeze Behavior
[10:01:18.355]        // -> [Write32(0xE0042008, 0x00000000)]   (__dp=0x00000000, __ap=0x00000000)
[10:01:18.355]      Write32(0xE004200C, DbgMCU_APB2_Fz);                                    // DBGMCU_APB1_FZ: Configure APB2 Peripheral Freeze Behavior
[10:01:18.362]        // -> [Write32(0xE004200C, 0x00000000)]   (__dp=0x00000000, __ap=0x00000000)
[10:01:18.362]    </block>
[10:01:18.362]  </sequence>
[10:01:18.362]  
[10:13:38.381]  **********  Sequence "DebugDeviceUnlock"  (Context="Connect", Pname="", info="")
[10:13:38.381]  
[10:13:38.381]  <debugvars>
[10:13:38.381]    // Pre-defined
[10:13:38.381]    __protocol=0x00010002      (Protocol="SWD", SWJ-DP="True")
[10:13:38.381]    __connection=0x00000202    (Connection Type="Flash", Reset Type="System Reset")
[10:13:38.381]    __dp=0x00000000
[10:13:38.382]    __ap=0x00000000
[10:13:38.382]    __traceout=0x00000000      (Trace Disabled)
[10:13:38.382]    __errorcontrol=0x00000000  (Skip Errors="False")
[10:13:38.382]    __FlashAddr=0x00000000
[10:13:38.382]    __FlashLen=0x00000000
[10:13:38.382]    __FlashArg=0x00000000
[10:13:38.382]    __FlashOp=0x00000000
[10:13:38.382]    __Result=0x00000000
[10:13:38.382]    
[10:13:38.382]    // User-defined
[10:13:38.383]    DbgMCU_CR=0x00000007
[10:13:38.383]    DbgMCU_APB1_Fz=0x00000000
[10:13:38.383]    DbgMCU_APB2_Fz=0x00000000
[10:13:38.383]    TraceClk_Pin=0x00040002
[10:13:38.383]    TraceD0_Pin=0x00040003
[10:13:38.383]    TraceD1_Pin=0x00040004
[10:13:38.383]    TraceD2_Pin=0x00040005
[10:13:38.383]    TraceD3_Pin=0x00040006
[10:13:38.383]  </debugvars>
[10:13:38.383]  
[10:13:38.383]  <sequence name="DebugDeviceUnlock" Pname="" disable="false" info="">
[10:13:38.383]    <block atomic="false" info="">
[10:13:38.383]      Sequence("CheckID");
[10:13:38.383]        <sequence name="CheckID" Pname="" disable="false" info="">
[10:13:38.383]          <block atomic="false" info="">
[10:13:38.384]            __var pidr1 = 0;
[10:13:38.384]              // -> [pidr1 <= 0x00000000]
[10:13:38.384]            __var pidr2 = 0;
[10:13:38.384]              // -> [pidr2 <= 0x00000000]
[10:13:38.384]            __var jep106id = 0;
[10:13:38.384]              // -> [jep106id <= 0x00000000]
[10:13:38.384]            __var ROMTableBase = 0;
[10:13:38.384]              // -> [ROMTableBase <= 0x00000000]
[10:13:38.384]            __ap = 0;      // AHB-AP
[10:13:38.384]              // -> [__ap <= 0x00000000]
[10:13:38.384]            ROMTableBase = ReadAP(0xF8) & ~0x3;
[10:13:38.389]              // -> [ReadAP(0x000000F8) => 0xE00FF003]   (__dp=0x00000000, __ap=0x00000000)
[10:13:38.389]              // -> [ROMTableBase <= 0xE00FF000]
[10:13:38.390]            pidr1 = Read32(ROMTableBase + 0x0FE4);
[10:13:38.397]              // -> [Read32(0xE00FFFE4) => 0x00000004]   (__dp=0x00000000, __ap=0x00000000)
[10:13:38.399]              // -> [pidr1 <= 0x00000004]
[10:13:38.399]            pidr2 = Read32(ROMTableBase + 0x0FE8);
[10:13:38.405]              // -> [Read32(0xE00FFFE8) => 0x0000000A]   (__dp=0x00000000, __ap=0x00000000)
[10:13:38.406]              // -> [pidr2 <= 0x0000000A]
[10:13:38.406]            jep106id = ((pidr2 & 0x7) << 4 ) | ((pidr1 >> 4) & 0xF);
[10:13:38.406]              // -> [jep106id <= 0x00000020]
[10:13:38.406]          </block>
[10:13:38.406]          <control if="jep106id != 0x20" while="" timeout="0" info="">
[10:13:38.406]            // if-block "jep106id != 0x20"
[10:13:38.406]              // =>  FALSE
[10:13:38.406]            // skip if-block "jep106id != 0x20"
[10:13:38.406]          </control>
[10:13:38.406]        </sequence>
[10:13:38.406]    </block>
[10:13:38.406]  </sequence>
[10:13:38.406]  
[10:13:38.541]  **********  Sequence "DebugCoreStart"  (Context="Target Access", Pname="", info="")
[10:13:38.541]  
[10:13:38.542]  <debugvars>
[10:13:38.543]    // Pre-defined
[10:13:38.543]    __protocol=0x00010002      (Protocol="SWD", SWJ-DP="True")
[10:13:38.543]    __connection=0x00000202    (Connection Type="Flash", Reset Type="System Reset")
[10:13:38.543]    __dp=0x00000000
[10:13:38.543]    __ap=0x00000000
[10:13:38.543]    __traceout=0x00000000      (Trace Disabled)
[10:13:38.543]    __errorcontrol=0x00000000  (Skip Errors="False")
[10:13:38.543]    __FlashAddr=0x00000000
[10:13:38.543]    __FlashLen=0x00000000
[10:13:38.543]    __FlashArg=0x00000000
[10:13:38.544]    __FlashOp=0x00000000
[10:13:38.544]    __Result=0x00000000
[10:13:38.544]    
[10:13:38.544]    // User-defined
[10:13:38.544]    DbgMCU_CR=0x00000007
[10:13:38.544]    DbgMCU_APB1_Fz=0x00000000
[10:13:38.544]    DbgMCU_APB2_Fz=0x00000000
[10:13:38.544]    TraceClk_Pin=0x00040002
[10:13:38.544]    TraceD0_Pin=0x00040003
[10:13:38.544]    TraceD1_Pin=0x00040004
[10:13:38.544]    TraceD2_Pin=0x00040005
[10:13:38.544]    TraceD3_Pin=0x00040006
[10:13:38.544]  </debugvars>
[10:13:38.544]  
[10:13:38.545]  <sequence name="DebugCoreStart" Pname="" disable="false" info="">
[10:13:38.545]    <block atomic="false" info="">
[10:13:38.545]      Write32(0xE000EDF0, 0xA05F0001);                                        // Enable Core Debug via DHCSR
[10:13:38.551]        // -> [Write32(0xE000EDF0, 0xA05F0001)]   (__dp=0x00000000, __ap=0x00000000)
[10:13:38.551]      Write32(0xE0042004, DbgMCU_CR);                                         // DBGMCU_CR: Configure MCU Debug
[10:13:38.557]        // -> [Write32(0xE0042004, 0x00000007)]   (__dp=0x00000000, __ap=0x00000000)
[10:13:38.558]      Write32(0xE0042008, DbgMCU_APB1_Fz);                                    // DBGMCU_APB1_FZ: Configure APB1 Peripheral Freeze Behavior
[10:13:38.564]        // -> [Write32(0xE0042008, 0x00000000)]   (__dp=0x00000000, __ap=0x00000000)
[10:13:38.565]      Write32(0xE004200C, DbgMCU_APB2_Fz);                                    // DBGMCU_APB1_FZ: Configure APB2 Peripheral Freeze Behavior
[10:13:38.572]        // -> [Write32(0xE004200C, 0x00000000)]   (__dp=0x00000000, __ap=0x00000000)
[10:13:38.572]    </block>
[10:13:38.572]  </sequence>
[10:13:38.572]  
[10:19:06.584]  **********  Sequence "DebugDeviceUnlock"  (Context="Connect", Pname="", info="")
[10:19:06.584]  
[10:19:06.584]  <debugvars>
[10:19:06.584]    // Pre-defined
[10:19:06.584]    __protocol=0x00010002      (Protocol="SWD", SWJ-DP="True")
[10:19:06.584]    __connection=0x00000202    (Connection Type="Flash", Reset Type="System Reset")
[10:19:06.584]    __dp=0x00000000
[10:19:06.584]    __ap=0x00000000
[10:19:06.584]    __traceout=0x00000000      (Trace Disabled)
[10:19:06.584]    __errorcontrol=0x00000000  (Skip Errors="False")
[10:19:06.584]    __FlashAddr=0x00000000
[10:19:06.584]    __FlashLen=0x00000000
[10:19:06.584]    __FlashArg=0x00000000
[10:19:06.584]    __FlashOp=0x00000000
[10:19:06.584]    __Result=0x00000000
[10:19:06.584]    
[10:19:06.584]    // User-defined
[10:19:06.584]    DbgMCU_CR=0x00000007
[10:19:06.584]    DbgMCU_APB1_Fz=0x00000000
[10:19:06.584]    DbgMCU_APB2_Fz=0x00000000
[10:19:06.584]    TraceClk_Pin=0x00040002
[10:19:06.584]    TraceD0_Pin=0x00040003
[10:19:06.584]    TraceD1_Pin=0x00040004
[10:19:06.584]    TraceD2_Pin=0x00040005
[10:19:06.584]    TraceD3_Pin=0x00040006
[10:19:06.584]  </debugvars>
[10:19:06.584]  
[10:19:06.584]  <sequence name="DebugDeviceUnlock" Pname="" disable="false" info="">
[10:19:06.584]    <block atomic="false" info="">
[10:19:06.584]      Sequence("CheckID");
[10:19:06.584]        <sequence name="CheckID" Pname="" disable="false" info="">
[10:19:06.584]          <block atomic="false" info="">
[10:19:06.584]            __var pidr1 = 0;
[10:19:06.584]              // -> [pidr1 <= 0x00000000]
[10:19:06.584]            __var pidr2 = 0;
[10:19:06.584]              // -> [pidr2 <= 0x00000000]
[10:19:06.584]            __var jep106id = 0;
[10:19:06.584]              // -> [jep106id <= 0x00000000]
[10:19:06.584]            __var ROMTableBase = 0;
[10:19:06.584]              // -> [ROMTableBase <= 0x00000000]
[10:19:06.584]            __ap = 0;      // AHB-AP
[10:19:06.584]              // -> [__ap <= 0x00000000]
[10:19:06.584]            ROMTableBase = ReadAP(0xF8) & ~0x3;
[10:19:06.584]              // -> [ReadAP(0x000000F8) => 0xE00FF003]   (__dp=0x00000000, __ap=0x00000000)
[10:19:06.584]              // -> [ROMTableBase <= 0xE00FF000]
[10:19:06.584]            pidr1 = Read32(ROMTableBase + 0x0FE4);
[10:19:06.599]              // -> [Read32(0xE00FFFE4) => 0x00000004]   (__dp=0x00000000, __ap=0x00000000)
[10:19:06.599]              // -> [pidr1 <= 0x00000004]
[10:19:06.599]            pidr2 = Read32(ROMTableBase + 0x0FE8);
[10:19:06.599]              // -> [Read32(0xE00FFFE8) => 0x0000000A]   (__dp=0x00000000, __ap=0x00000000)
[10:19:06.599]              // -> [pidr2 <= 0x0000000A]
[10:19:06.599]            jep106id = ((pidr2 & 0x7) << 4 ) | ((pidr1 >> 4) & 0xF);
[10:19:06.599]              // -> [jep106id <= 0x00000020]
[10:19:06.599]          </block>
[10:19:06.599]          <control if="jep106id != 0x20" while="" timeout="0" info="">
[10:19:06.599]            // if-block "jep106id != 0x20"
[10:19:06.599]              // =>  FALSE
[10:19:06.599]            // skip if-block "jep106id != 0x20"
[10:19:06.599]          </control>
[10:19:06.599]        </sequence>
[10:19:06.599]    </block>
[10:19:06.599]  </sequence>
[10:19:06.599]  
[10:19:06.740]  **********  Sequence "DebugCoreStart"  (Context="Target Access", Pname="", info="")
[10:19:06.740]  
[10:19:06.740]  <debugvars>
[10:19:06.740]    // Pre-defined
[10:19:06.740]    __protocol=0x00010002      (Protocol="SWD", SWJ-DP="True")
[10:19:06.740]    __connection=0x00000202    (Connection Type="Flash", Reset Type="System Reset")
[10:19:06.740]    __dp=0x00000000
[10:19:06.740]    __ap=0x00000000
[10:19:06.740]    __traceout=0x00000000      (Trace Disabled)
[10:19:06.740]    __errorcontrol=0x00000000  (Skip Errors="False")
[10:19:06.740]    __FlashAddr=0x00000000
[10:19:06.740]    __FlashLen=0x00000000
[10:19:06.740]    __FlashArg=0x00000000
[10:19:06.740]    __FlashOp=0x00000000
[10:19:06.740]    __Result=0x00000000
[10:19:06.740]    
[10:19:06.740]    // User-defined
[10:19:06.740]    DbgMCU_CR=0x00000007
[10:19:06.740]    DbgMCU_APB1_Fz=0x00000000
[10:19:06.740]    DbgMCU_APB2_Fz=0x00000000
[10:19:06.740]    TraceClk_Pin=0x00040002
[10:19:06.740]    TraceD0_Pin=0x00040003
[10:19:06.740]    TraceD1_Pin=0x00040004
[10:19:06.740]    TraceD2_Pin=0x00040005
[10:19:06.740]    TraceD3_Pin=0x00040006
[10:19:06.740]  </debugvars>
[10:19:06.740]  
[10:19:06.740]  <sequence name="DebugCoreStart" Pname="" disable="false" info="">
[10:19:06.740]    <block atomic="false" info="">
[10:19:06.740]      Write32(0xE000EDF0, 0xA05F0001);                                        // Enable Core Debug via DHCSR
[10:19:06.740]        // -> [Write32(0xE000EDF0, 0xA05F0001)]   (__dp=0x00000000, __ap=0x00000000)
[10:19:06.740]      Write32(0xE0042004, DbgMCU_CR);                                         // DBGMCU_CR: Configure MCU Debug
[10:19:06.756]        // -> [Write32(0xE0042004, 0x00000007)]   (__dp=0x00000000, __ap=0x00000000)
[10:19:06.756]      Write32(0xE0042008, DbgMCU_APB1_Fz);                                    // DBGMCU_APB1_FZ: Configure APB1 Peripheral Freeze Behavior
[10:19:06.756]        // -> [Write32(0xE0042008, 0x00000000)]   (__dp=0x00000000, __ap=0x00000000)
[10:19:06.756]      Write32(0xE004200C, DbgMCU_APB2_Fz);                                    // DBGMCU_APB1_FZ: Configure APB2 Peripheral Freeze Behavior
[10:19:06.772]        // -> [Write32(0xE004200C, 0x00000000)]   (__dp=0x00000000, __ap=0x00000000)
[10:19:06.772]    </block>
[10:19:06.772]  </sequence>
[10:19:06.772]  
[10:23:12.753]  **********  Sequence "DebugDeviceUnlock"  (Context="Connect", Pname="", info="")
[10:23:12.753]  
[10:23:12.754]  <debugvars>
[10:23:12.754]    // Pre-defined
[10:23:12.754]    __protocol=0x00010002      (Protocol="SWD", SWJ-DP="True")
[10:23:12.754]    __connection=0x00000202    (Connection Type="Flash", Reset Type="System Reset")
[10:23:12.754]    __dp=0x00000000
[10:23:12.754]    __ap=0x00000000
[10:23:12.754]    __traceout=0x00000000      (Trace Disabled)
[10:23:12.754]    __errorcontrol=0x00000000  (Skip Errors="False")
[10:23:12.754]    __FlashAddr=0x00000000
[10:23:12.754]    __FlashLen=0x00000000
[10:23:12.754]    __FlashArg=0x00000000
[10:23:12.754]    __FlashOp=0x00000000
[10:23:12.754]    __Result=0x00000000
[10:23:12.754]    
[10:23:12.754]    // User-defined
[10:23:12.754]    DbgMCU_CR=0x00000007
[10:23:12.754]    DbgMCU_APB1_Fz=0x00000000
[10:23:12.754]    DbgMCU_APB2_Fz=0x00000000
[10:23:12.754]    TraceClk_Pin=0x00040002
[10:23:12.754]    TraceD0_Pin=0x00040003
[10:23:12.754]    TraceD1_Pin=0x00040004
[10:23:12.754]    TraceD2_Pin=0x00040005
[10:23:12.754]    TraceD3_Pin=0x00040006
[10:23:12.754]  </debugvars>
[10:23:12.754]  
[10:23:12.754]  <sequence name="DebugDeviceUnlock" Pname="" disable="false" info="">
[10:23:12.754]    <block atomic="false" info="">
[10:23:12.754]      Sequence("CheckID");
[10:23:12.754]        <sequence name="CheckID" Pname="" disable="false" info="">
[10:23:12.754]          <block atomic="false" info="">
[10:23:12.754]            __var pidr1 = 0;
[10:23:12.754]              // -> [pidr1 <= 0x00000000]
[10:23:12.754]            __var pidr2 = 0;
[10:23:12.754]              // -> [pidr2 <= 0x00000000]
[10:23:12.754]            __var jep106id = 0;
[10:23:12.754]              // -> [jep106id <= 0x00000000]
[10:23:12.754]            __var ROMTableBase = 0;
[10:23:12.754]              // -> [ROMTableBase <= 0x00000000]
[10:23:12.754]            __ap = 0;      // AHB-AP
[10:23:12.754]              // -> [__ap <= 0x00000000]
[10:23:12.754]            ROMTableBase = ReadAP(0xF8) & ~0x3;
[10:23:12.761]              // -> [ReadAP(0x000000F8) => 0xE00FF003]   (__dp=0x00000000, __ap=0x00000000)
[10:23:12.761]              // -> [ROMTableBase <= 0xE00FF000]
[10:23:12.761]            pidr1 = Read32(ROMTableBase + 0x0FE4);
[10:23:12.769]              // -> [Read32(0xE00FFFE4) => 0x00000004]   (__dp=0x00000000, __ap=0x00000000)
[10:23:12.769]              // -> [pidr1 <= 0x00000004]
[10:23:12.769]            pidr2 = Read32(ROMTableBase + 0x0FE8);
[10:23:12.771]              // -> [Read32(0xE00FFFE8) => 0x0000000A]   (__dp=0x00000000, __ap=0x00000000)
[10:23:12.771]              // -> [pidr2 <= 0x0000000A]
[10:23:12.771]            jep106id = ((pidr2 & 0x7) << 4 ) | ((pidr1 >> 4) & 0xF);
[10:23:12.771]              // -> [jep106id <= 0x00000020]
[10:23:12.771]          </block>
[10:23:12.771]          <control if="jep106id != 0x20" while="" timeout="0" info="">
[10:23:12.771]            // if-block "jep106id != 0x20"
[10:23:12.771]              // =>  FALSE
[10:23:12.771]            // skip if-block "jep106id != 0x20"
[10:23:12.771]          </control>
[10:23:12.771]        </sequence>
[10:23:12.771]    </block>
[10:23:12.771]  </sequence>
[10:23:12.771]  
[10:23:12.912]  **********  Sequence "DebugCoreStart"  (Context="Target Access", Pname="", info="")
[10:23:12.912]  
[10:23:12.913]  <debugvars>
[10:23:12.913]    // Pre-defined
[10:23:12.913]    __protocol=0x00010002      (Protocol="SWD", SWJ-DP="True")
[10:23:12.913]    __connection=0x00000202    (Connection Type="Flash", Reset Type="System Reset")
[10:23:12.913]    __dp=0x00000000
[10:23:12.913]    __ap=0x00000000
[10:23:12.913]    __traceout=0x00000000      (Trace Disabled)
[10:23:12.913]    __errorcontrol=0x00000000  (Skip Errors="False")
[10:23:12.913]    __FlashAddr=0x00000000
[10:23:12.913]    __FlashLen=0x00000000
[10:23:12.913]    __FlashArg=0x00000000
[10:23:12.913]    __FlashOp=0x00000000
[10:23:12.913]    __Result=0x00000000
[10:23:12.913]    
[10:23:12.913]    // User-defined
[10:23:12.913]    DbgMCU_CR=0x00000007
[10:23:12.913]    DbgMCU_APB1_Fz=0x00000000
[10:23:12.913]    DbgMCU_APB2_Fz=0x00000000
[10:23:12.913]    TraceClk_Pin=0x00040002
[10:23:12.913]    TraceD0_Pin=0x00040003
[10:23:12.913]    TraceD1_Pin=0x00040004
[10:23:12.913]    TraceD2_Pin=0x00040005
[10:23:12.913]    TraceD3_Pin=0x00040006
[10:23:12.913]  </debugvars>
[10:23:12.913]  
[10:23:12.913]  <sequence name="DebugCoreStart" Pname="" disable="false" info="">
[10:23:12.913]    <block atomic="false" info="">
[10:23:12.913]      Write32(0xE000EDF0, 0xA05F0001);                                        // Enable Core Debug via DHCSR
[10:23:12.921]        // -> [Write32(0xE000EDF0, 0xA05F0001)]   (__dp=0x00000000, __ap=0x00000000)
[10:23:12.921]      Write32(0xE0042004, DbgMCU_CR);                                         // DBGMCU_CR: Configure MCU Debug
[10:23:12.921]        // -> [Write32(0xE0042004, 0x00000007)]   (__dp=0x00000000, __ap=0x00000000)
[10:23:12.921]      Write32(0xE0042008, DbgMCU_APB1_Fz);                                    // DBGMCU_APB1_FZ: Configure APB1 Peripheral Freeze Behavior
[10:23:12.931]        // -> [Write32(0xE0042008, 0x00000000)]   (__dp=0x00000000, __ap=0x00000000)
[10:23:12.931]      Write32(0xE004200C, DbgMCU_APB2_Fz);                                    // DBGMCU_APB1_FZ: Configure APB2 Peripheral Freeze Behavior
[10:23:12.941]        // -> [Write32(0xE004200C, 0x00000000)]   (__dp=0x00000000, __ap=0x00000000)
[10:23:12.941]    </block>
[10:23:12.941]  </sequence>
[10:23:12.941]  
[10:24:57.488]  **********  Sequence "DebugDeviceUnlock"  (Context="Connect", Pname="", info="")
[10:24:57.488]  
[10:24:57.488]  <debugvars>
[10:24:57.488]    // Pre-defined
[10:24:57.488]    __protocol=0x00010002      (Protocol="SWD", SWJ-DP="True")
[10:24:57.488]    __connection=0x00000202    (Connection Type="Flash", Reset Type="System Reset")
[10:24:57.488]    __dp=0x00000000
[10:24:57.488]    __ap=0x00000000
[10:24:57.488]    __traceout=0x00000000      (Trace Disabled)
[10:24:57.488]    __errorcontrol=0x00000000  (Skip Errors="False")
[10:24:57.488]    __FlashAddr=0x00000000
[10:24:57.488]    __FlashLen=0x00000000
[10:24:57.488]    __FlashArg=0x00000000
[10:24:57.488]    __FlashOp=0x00000000
[10:24:57.488]    __Result=0x00000000
[10:24:57.488]    
[10:24:57.488]    // User-defined
[10:24:57.488]    DbgMCU_CR=0x00000007
[10:24:57.488]    DbgMCU_APB1_Fz=0x00000000
[10:24:57.488]    DbgMCU_APB2_Fz=0x00000000
[10:24:57.488]    TraceClk_Pin=0x00040002
[10:24:57.488]    TraceD0_Pin=0x00040003
[10:24:57.488]    TraceD1_Pin=0x00040004
[10:24:57.488]    TraceD2_Pin=0x00040005
[10:24:57.488]    TraceD3_Pin=0x00040006
[10:24:57.488]  </debugvars>
[10:24:57.488]  
[10:24:57.488]  <sequence name="DebugDeviceUnlock" Pname="" disable="false" info="">
[10:24:57.488]    <block atomic="false" info="">
[10:24:57.488]      Sequence("CheckID");
[10:24:57.488]        <sequence name="CheckID" Pname="" disable="false" info="">
[10:24:57.488]          <block atomic="false" info="">
[10:24:57.488]            __var pidr1 = 0;
[10:24:57.488]              // -> [pidr1 <= 0x00000000]
[10:24:57.488]            __var pidr2 = 0;
[10:24:57.488]              // -> [pidr2 <= 0x00000000]
[10:24:57.488]            __var jep106id = 0;
[10:24:57.488]              // -> [jep106id <= 0x00000000]
[10:24:57.488]            __var ROMTableBase = 0;
[10:24:57.488]              // -> [ROMTableBase <= 0x00000000]
[10:24:57.488]            __ap = 0;      // AHB-AP
[10:24:57.488]              // -> [__ap <= 0x00000000]
[10:24:57.488]            ROMTableBase = ReadAP(0xF8) & ~0x3;
[10:24:57.498]              // -> [ReadAP(0x000000F8) => 0xE00FF003]   (__dp=0x00000000, __ap=0x00000000)
[10:24:57.498]              // -> [ROMTableBase <= 0xE00FF000]
[10:24:57.498]            pidr1 = Read32(ROMTableBase + 0x0FE4);
[10:24:57.508]              // -> [Read32(0xE00FFFE4) => 0x00000004]   (__dp=0x00000000, __ap=0x00000000)
[10:24:57.508]              // -> [pidr1 <= 0x00000004]
[10:24:57.508]            pidr2 = Read32(ROMTableBase + 0x0FE8);
[10:24:57.514]              // -> [Read32(0xE00FFFE8) => 0x0000000A]   (__dp=0x00000000, __ap=0x00000000)
[10:24:57.514]              // -> [pidr2 <= 0x0000000A]
[10:24:57.514]            jep106id = ((pidr2 & 0x7) << 4 ) | ((pidr1 >> 4) & 0xF);
[10:24:57.514]              // -> [jep106id <= 0x00000020]
[10:24:57.514]          </block>
[10:24:57.514]          <control if="jep106id != 0x20" while="" timeout="0" info="">
[10:24:57.518]            // if-block "jep106id != 0x20"
[10:24:57.518]              // =>  FALSE
[10:24:57.518]            // skip if-block "jep106id != 0x20"
[10:24:57.518]          </control>
[10:24:57.518]        </sequence>
[10:24:57.518]    </block>
[10:24:57.518]  </sequence>
[10:24:57.518]  
[10:24:57.648]  **********  Sequence "DebugCoreStart"  (Context="Target Access", Pname="", info="")
[10:24:57.648]  
[10:24:57.648]  <debugvars>
[10:24:57.648]    // Pre-defined
[10:24:57.648]    __protocol=0x00010002      (Protocol="SWD", SWJ-DP="True")
[10:24:57.648]    __connection=0x00000202    (Connection Type="Flash", Reset Type="System Reset")
[10:24:57.648]    __dp=0x00000000
[10:24:57.648]    __ap=0x00000000
[10:24:57.648]    __traceout=0x00000000      (Trace Disabled)
[10:24:57.648]    __errorcontrol=0x00000000  (Skip Errors="False")
[10:24:57.648]    __FlashAddr=0x00000000
[10:24:57.648]    __FlashLen=0x00000000
[10:24:57.648]    __FlashArg=0x00000000
[10:24:57.648]    __FlashOp=0x00000000
[10:24:57.648]    __Result=0x00000000
[10:24:57.648]    
[10:24:57.648]    // User-defined
[10:24:57.648]    DbgMCU_CR=0x00000007
[10:24:57.648]    DbgMCU_APB1_Fz=0x00000000
[10:24:57.648]    DbgMCU_APB2_Fz=0x00000000
[10:24:57.648]    TraceClk_Pin=0x00040002
[10:24:57.648]    TraceD0_Pin=0x00040003
[10:24:57.648]    TraceD1_Pin=0x00040004
[10:24:57.648]    TraceD2_Pin=0x00040005
[10:24:57.648]    TraceD3_Pin=0x00040006
[10:24:57.648]  </debugvars>
[10:24:57.648]  
[10:24:57.648]  <sequence name="DebugCoreStart" Pname="" disable="false" info="">
[10:24:57.648]    <block atomic="false" info="">
[10:24:57.648]      Write32(0xE000EDF0, 0xA05F0001);                                        // Enable Core Debug via DHCSR
[10:24:57.658]        // -> [Write32(0xE000EDF0, 0xA05F0001)]   (__dp=0x00000000, __ap=0x00000000)
[10:24:57.658]      Write32(0xE0042004, DbgMCU_CR);                                         // DBGMCU_CR: Configure MCU Debug
[10:24:57.668]        // -> [Write32(0xE0042004, 0x00000007)]   (__dp=0x00000000, __ap=0x00000000)
[10:24:57.668]      Write32(0xE0042008, DbgMCU_APB1_Fz);                                    // DBGMCU_APB1_FZ: Configure APB1 Peripheral Freeze Behavior
[10:24:57.674]        // -> [Write32(0xE0042008, 0x00000000)]   (__dp=0x00000000, __ap=0x00000000)
[10:24:57.674]      Write32(0xE004200C, DbgMCU_APB2_Fz);                                    // DBGMCU_APB1_FZ: Configure APB2 Peripheral Freeze Behavior
[10:24:57.674]        // -> [Write32(0xE004200C, 0x00000000)]   (__dp=0x00000000, __ap=0x00000000)
[10:24:57.674]    </block>
[10:24:57.674]  </sequence>
[10:24:57.674]  
