/*
 *  CMSIS Pack Debug Access Sequence Log
 *  File        : C:\Users\ische\Desktop\送药小车\Src_template\Project\STM32F4_Sequences_0000.log
 *  Created     : 21:23:04 (09/07/2023)
 *  Device      : STM32F407ZG
 *  PDSC File   : C:\Users\ische\AppData\Local\Arm\Packs\Keil\STM32F4xx_DFP\2.17.0\Keil.STM32F4xx_DFP.pdsc
 *  Config File : C:\Users\ische\Desktop\送药小车\Src_template\Project\DebugConfig\STM32F4_STM32F407ZG.dbgconf
 *
 */

[21:23:04.178]  **********  Sequence "DebugDeviceUnlock"  (Context="Connect", Pname="", info="")
[21:23:04.178]  
[21:23:04.179]  <debugvars>
[21:23:04.180]    // Pre-defined
[21:23:04.180]    __protocol=0x00010002      (Protocol="SWD", SWJ-DP="True")
[21:23:04.180]    __connection=0x00000202    (Connection Type="Flash", Reset Type="System Reset")
[21:23:04.180]    __dp=0x00000000
[21:23:04.180]    __ap=0x00000000
[21:23:04.180]    __traceout=0x00000000      (Trace Disabled)
[21:23:04.180]    __errorcontrol=0x00000000  (Skip Errors="False")
[21:23:04.180]    __FlashAddr=0x00000000
[21:23:04.180]    __FlashLen=0x00000000
[21:23:04.180]    __FlashArg=0x00000000
[21:23:04.180]    __FlashOp=0x00000000
[21:23:04.180]    __Result=0x00000000
[21:23:04.181]    
[21:23:04.181]    // User-defined
[21:23:04.181]    DbgMCU_CR=0x00000007
[21:23:04.181]    DbgMCU_APB1_Fz=0x00000000
[21:23:04.181]    DbgMCU_APB2_Fz=0x00000000
[21:23:04.181]    TraceClk_Pin=0x00040002
[21:23:04.181]    TraceD0_Pin=0x00040003
[21:23:04.181]    TraceD1_Pin=0x00040004
[21:23:04.181]    TraceD2_Pin=0x00040005
[21:23:04.181]    TraceD3_Pin=0x00040006
[21:23:04.181]  </debugvars>
[21:23:04.181]  
[21:23:04.181]  <sequence name="DebugDeviceUnlock" Pname="" disable="false" info="">
[21:23:04.181]    <block atomic="false" info="">
[21:23:04.181]      Sequence("CheckID");
[21:23:04.181]        <sequence name="CheckID" Pname="" disable="false" info="">
[21:23:04.182]          <block atomic="false" info="">
[21:23:04.182]            __var pidr1 = 0;
[21:23:04.182]              // -> [pidr1 <= 0x00000000]
[21:23:04.182]            __var pidr2 = 0;
[21:23:04.182]              // -> [pidr2 <= 0x00000000]
[21:23:04.182]            __var jep106id = 0;
[21:23:04.182]              // -> [jep106id <= 0x00000000]
[21:23:04.182]            __var ROMTableBase = 0;
[21:23:04.182]              // -> [ROMTableBase <= 0x00000000]
[21:23:04.182]            __ap = 0;      // AHB-AP
[21:23:04.182]              // -> [__ap <= 0x00000000]
[21:23:04.182]            ROMTableBase = ReadAP(0xF8) & ~0x3;
[21:23:04.186]              // -> [ReadAP(0x000000F8) => 0xE00FF003]   (__dp=0x00000000, __ap=0x00000000)
[21:23:04.186]              // -> [ROMTableBase <= 0xE00FF000]
[21:23:04.186]            pidr1 = Read32(ROMTableBase + 0x0FE4);
[21:23:04.195]              // -> [Read32(0xE00FFFE4) => 0x00000004]   (__dp=0x00000000, __ap=0x00000000)
[21:23:04.195]              // -> [pidr1 <= 0x00000004]
[21:23:04.195]            pidr2 = Read32(ROMTableBase + 0x0FE8);
[21:23:04.202]              // -> [Read32(0xE00FFFE8) => 0x0000000A]   (__dp=0x00000000, __ap=0x00000000)
[21:23:04.202]              // -> [pidr2 <= 0x0000000A]
[21:23:04.202]            jep106id = ((pidr2 & 0x7) << 4 ) | ((pidr1 >> 4) & 0xF);
[21:23:04.202]              // -> [jep106id <= 0x00000020]
[21:23:04.202]          </block>
[21:23:04.202]          <control if="jep106id != 0x20" while="" timeout="0" info="">
[21:23:04.202]            // if-block "jep106id != 0x20"
[21:23:04.202]              // =>  FALSE
[21:23:04.202]            // skip if-block "jep106id != 0x20"
[21:23:04.203]          </control>
[21:23:04.203]        </sequence>
[21:23:04.203]    </block>
[21:23:04.203]  </sequence>
[21:23:04.203]  
[21:23:04.338]  **********  Sequence "DebugCoreStart"  (Context="Target Access", Pname="", info="")
[21:23:04.338]  
[21:23:04.338]  <debugvars>
[21:23:04.338]    // Pre-defined
[21:23:04.338]    __protocol=0x00010002      (Protocol="SWD", SWJ-DP="True")
[21:23:04.338]    __connection=0x00000202    (Connection Type="Flash", Reset Type="System Reset")
[21:23:04.339]    __dp=0x00000000
[21:23:04.339]    __ap=0x00000000
[21:23:04.340]    __traceout=0x00000000      (Trace Disabled)
[21:23:04.340]    __errorcontrol=0x00000000  (Skip Errors="False")
[21:23:04.340]    __FlashAddr=0x00000000
[21:23:04.340]    __FlashLen=0x00000000
[21:23:04.340]    __FlashArg=0x00000000
[21:23:04.340]    __FlashOp=0x00000000
[21:23:04.340]    __Result=0x00000000
[21:23:04.340]    
[21:23:04.340]    // User-defined
[21:23:04.340]    DbgMCU_CR=0x00000007
[21:23:04.340]    DbgMCU_APB1_Fz=0x00000000
[21:23:04.341]    DbgMCU_APB2_Fz=0x00000000
[21:23:04.341]    TraceClk_Pin=0x00040002
[21:23:04.341]    TraceD0_Pin=0x00040003
[21:23:04.341]    TraceD1_Pin=0x00040004
[21:23:04.341]    TraceD2_Pin=0x00040005
[21:23:04.341]    TraceD3_Pin=0x00040006
[21:23:04.341]  </debugvars>
[21:23:04.341]  
[21:23:04.341]  <sequence name="DebugCoreStart" Pname="" disable="false" info="">
[21:23:04.341]    <block atomic="false" info="">
[21:23:04.341]      Write32(0xE000EDF0, 0xA05F0001);                                        // Enable Core Debug via DHCSR
[21:23:04.348]        // -> [Write32(0xE000EDF0, 0xA05F0001)]   (__dp=0x00000000, __ap=0x00000000)
[21:23:04.348]      Write32(0xE0042004, DbgMCU_CR);                                         // DBGMCU_CR: Configure MCU Debug
[21:23:04.354]        // -> [Write32(0xE0042004, 0x00000007)]   (__dp=0x00000000, __ap=0x00000000)
[21:23:04.354]      Write32(0xE0042008, DbgMCU_APB1_Fz);                                    // DBGMCU_APB1_FZ: Configure APB1 Peripheral Freeze Behavior
[21:23:04.359]        // -> [Write32(0xE0042008, 0x00000000)]   (__dp=0x00000000, __ap=0x00000000)
[21:23:04.359]      Write32(0xE004200C, DbgMCU_APB2_Fz);                                    // DBGMCU_APB1_FZ: Configure APB2 Peripheral Freeze Behavior
[21:23:04.365]        // -> [Write32(0xE004200C, 0x00000000)]   (__dp=0x00000000, __ap=0x00000000)
[21:23:04.365]    </block>
[21:23:04.365]  </sequence>
[21:23:04.365]  
